<?xml version="1.0" encoding="UTF-8"?>
<testng-results skipped="0" failed="0" total="2" passed="2">
  <reporter-output>
  </reporter-output>
  <suite name="Default suite" duration-ms="12949" started-at="2013-12-22T13:27:18Z" finished-at="2013-12-22T13:27:31Z">
    <groups>
    </groups>
    <test name="Default test" duration-ms="12949" started-at="2013-12-22T13:27:18Z" finished-at="2013-12-22T13:27:31Z">
      <class name="com.example.tests.ContactCreationTests">
        <test-method status="PASS" signature="setUp()[pri:0, instance:com.example.tests.ContactCreationTests@1ab2ea03]" name="setUp" is-config="true" duration-ms="6282" started-at="2013-12-22T19:27:18Z" finished-at="2013-12-22T19:27:24Z">
          <reporter-output>
          </reporter-output>
        </test-method> <!-- setUp -->
        <test-method status="PASS" signature="testEmptyContactCreation()[pri:0, instance:com.example.tests.ContactCreationTests@1ab2ea03]" name="testEmptyContactCreation" duration-ms="2827" started-at="2013-12-22T19:27:24Z" finished-at="2013-12-22T19:27:27Z">
          <reporter-output>
          </reporter-output>
        </test-method> <!-- testEmptyContactCreation -->
        <test-method status="PASS" signature="testNonEmptyContactCreation()[pri:0, instance:com.example.tests.ContactCreationTests@1ab2ea03]" name="testNonEmptyContactCreation" duration-ms="3640" started-at="2013-12-22T19:27:27Z" finished-at="2013-12-22T19:27:31Z">
          <reporter-output>
          </reporter-output>
        </test-method> <!-- testNonEmptyContactCreation -->
        <test-method status="PASS" signature="tearDown()[pri:0, instance:com.example.tests.ContactCreationTests@1ab2ea03]" name="tearDown" is-config="true" duration-ms="185" started-at="2013-12-22T19:27:31Z" finished-at="2013-12-22T19:27:31Z">
          <reporter-output>
          </reporter-output>
        </test-method> <!-- tearDown -->
      </class> <!-- com.example.tests.ContactCreationTests -->
    </test> <!-- Default test -->
  </suite> <!-- Default suite -->
</testng-results>
