<?xml version="1.0" encoding="UTF-8"?>
<!-- Generated by org.testng.reporters.JUnitXMLReporter -->
<testsuite hostname="Sash-PC" name="Default test" tests="8" failures="0" timestamp="26 Dec 2013 17:33:11 GMT" time="17.349" errors="0">
  <testcase name="deleteSomeGroup" time="1.575" classname="com.example.tests.GroupRemovalTests"/>
  <testcase name="modifySomeGroup" time="1.576" classname="com.example.tests.GroupModificationTests"/>
  <testcase name="modifySomeContact" time="0.624" classname="com.example.tests.ContactModificationTests"/>
  <testcase name="testEmptyGroupCreation" time="0.951" classname="com.example.tests.GroupCreationTests"/>
  <testcase name="testNonEmptyGroupCreation" time="1.046" classname="com.example.tests.GroupCreationTests"/>
  <testcase name="testEmptyContactCreation" time="1.747" classname="com.example.tests.ContactCreationTests"/>
  <testcase name="testNonEmptyContactCreation" time="2.121" classname="com.example.tests.ContactCreationTests"/>
  <testcase name="deleteSomeContact" time="0.562" classname="com.example.tests.ContactRemovalTests"/>
</testsuite> <!-- Default test -->
