<?xml version="1.0" encoding="UTF-8"?>
<!-- Generated by org.testng.reporters.JUnitXMLReporter -->
<testsuite hostname="Sash-PC" name="Default test" tests="22" failures="0" timestamp="11 Jan 2014 07:36:55 GMT" time="48.788" errors="0">
  <testcase name="deleteSomeGroup" time="1.671" classname="com.example.tests.GroupRemovalTests"/>
  <testcase name="modifySomeGroup" time="1.86" classname="com.example.tests.GroupModificationTests"/>
  <testcase name="modifySomeGroup" time="1.413" classname="com.example.tests.GroupModificationTests"/>
  <testcase name="modifySomeGroup" time="1.325" classname="com.example.tests.GroupModificationTests"/>
  <testcase name="modifySomeGroup" time="1.372" classname="com.example.tests.GroupModificationTests"/>
  <testcase name="modifySomeGroup" time="1.47" classname="com.example.tests.GroupModificationTests"/>
  <testcase name="modifySomeContact" time="2.17" classname="com.example.tests.ContactModificationTests"/>
  <testcase name="modifySomeContact" time="2.1" classname="com.example.tests.ContactModificationTests"/>
  <testcase name="modifySomeContact" time="2.153" classname="com.example.tests.ContactModificationTests"/>
  <testcase name="modifySomeContact" time="2.205" classname="com.example.tests.ContactModificationTests"/>
  <testcase name="modifySomeContact" time="2.285" classname="com.example.tests.ContactModificationTests"/>
  <testcase name="testGroupCreationwithValidData" time="1.425" classname="com.example.tests.GroupCreationTests"/>
  <testcase name="testGroupCreationwithValidData" time="1.312" classname="com.example.tests.GroupCreationTests"/>
  <testcase name="testGroupCreationwithValidData" time="1.44" classname="com.example.tests.GroupCreationTests"/>
  <testcase name="testGroupCreationwithValidData" time="1.478" classname="com.example.tests.GroupCreationTests"/>
  <testcase name="testGroupCreationwithValidData" time="1.535" classname="com.example.tests.GroupCreationTests"/>
  <testcase name="testContactCreationWithValidData" time="2.392" classname="com.example.tests.ContactCreationTests"/>
  <testcase name="testContactCreationWithValidData" time="2.663" classname="com.example.tests.ContactCreationTests"/>
  <testcase name="testContactCreationWithValidData" time="2.907" classname="com.example.tests.ContactCreationTests"/>
  <testcase name="testContactCreationWithValidData" time="2.505" classname="com.example.tests.ContactCreationTests"/>
  <testcase name="testContactCreationWithValidData" time="2.79" classname="com.example.tests.ContactCreationTests"/>
  <testcase name="deleteSomeContact" time="1.425" classname="com.example.tests.ContactRemovalTests"/>
</testsuite> <!-- Default test -->
